{"/Users/shreyanshsoni/Documents/parcel-tracker-assessment/ui/src/App.tsx": {"path":"/Users/shreyanshsoni/Documents/parcel-tracker-assessment/ui/src/App.tsx","statementMap":{"0":{"start":{"line":1,"column":0},"end":{"line":1,"column":65}},"1":{"start":{"line":2,"column":0},"end":{"line":2,"column":34}},"2":{"start":{"line":3,"column":0},"end":{"line":3,"column":29}},"3":{"start":{"line":4,"column":0},"end":{"line":4,"column":37}},"4":{"start":{"line":5,"column":0},"end":{"line":5,"column":68}},"5":{"start":{"line":6,"column":0},"end":{"line":6,"column":47}},"6":{"start":{"line":9,"column":21},"end":{"line":9,"column":55}},"7":{"start":{"line":11,"column":2},"end":{"line":19,"column":4}},"8":{"start":{"line":22,"column":0},"end":{"line":22,"column":19}}},"fnMap":{"0":{"name":"App","decl":{"start":{"line":8,"column":9},"end":{"line":8,"column":12}},"loc":{"start":{"line":8,"column":12},"end":{"line":20,"column":1}}}},"branchMap":{},"s":{"0":1,"1":1,"2":1,"3":1,"4":1,"5":1,"6":1,"7":1,"8":1},"f":{"0":1},"b":{}}
,"/Users/shreyanshsoni/Documents/parcel-tracker-assessment/ui/src/axios/axios.ts": {"path":"/Users/shreyanshsoni/Documents/parcel-tracker-assessment/ui/src/axios/axios.ts","statementMap":{"0":{"start":{"line":2,"column":0},"end":{"line":2,"column":26}},"1":{"start":{"line":5,"column":22},"end":{"line":11,"column":2}},"2":{"start":{"line":30,"column":0},"end":{"line":42,"column":2}},"3":{"start":{"line":33,"column":4},"end":{"line":33,"column":20}},"4":{"start":{"line":37,"column":4},"end":{"line":39,"column":5}},"5":{"start":{"line":40,"column":4},"end":{"line":40,"column":33}},"6":{"start":{"line":44,"column":0},"end":{"line":44,"column":29}}},"fnMap":{"0":{"name":"(anonymous_1)","decl":{"start":{"line":31,"column":2},"end":{"line":31,"column":3}},"loc":{"start":{"line":31,"column":15},"end":{"line":34,"column":3}}},"1":{"name":"(anonymous_2)","decl":{"start":{"line":35,"column":2},"end":{"line":35,"column":3}},"loc":{"start":{"line":35,"column":12},"end":{"line":41,"column":3}}}},"branchMap":{"0":{"loc":{"start":{"line":37,"column":4},"end":{"line":39,"column":5}},"type":"if","locations":[{"start":{"line":37,"column":4},"end":{"line":39,"column":5}}]},"1":{"loc":{"start":{"line":37,"column":8},"end":{"line":37,"column":55}},"type":"binary-expr","locations":[{"start":{"line":37,"column":8},"end":{"line":37,"column":22}},{"start":{"line":37,"column":26},"end":{"line":37,"column":55}}]}},"s":{"0":2,"1":2,"2":2,"3":0,"4":0,"5":0,"6":2},"f":{"0":0,"1":0},"b":{"0":[0],"1":[0,0]}}
,"/Users/shreyanshsoni/Documents/parcel-tracker-assessment/ui/src/components/ChatScreen/ChatArea.tsx": {"path":"/Users/shreyanshsoni/Documents/parcel-tracker-assessment/ui/src/components/ChatScreen/ChatArea.tsx","statementMap":{"0":{"start":{"line":1,"column":0},"end":{"line":1,"column":50}},"1":{"start":{"line":2,"column":0},"end":{"line":2,"column":42}},"2":{"start":{"line":3,"column":0},"end":{"line":3,"column":39}},"3":{"start":{"line":4,"column":0},"end":{"line":4,"column":29}},"4":{"start":{"line":5,"column":0},"end":{"line":5,"column":81}},"5":{"start":{"line":6,"column":0},"end":{"line":6,"column":51}},"6":{"start":{"line":7,"column":0},"end":{"line":7,"column":48}},"7":{"start":{"line":9,"column":29},"end":{"line":23,"column":1}},"8":{"start":{"line":10,"column":21},"end":{"line":10,"column":56}},"9":{"start":{"line":11,"column":2},"end":{"line":21,"column":5}},"10":{"start":{"line":12,"column":18},"end":{"line":16,"column":11}},"11":{"start":{"line":13,"column":6},"end":{"line":15,"column":9}},"12":{"start":{"line":18,"column":4},"end":{"line":20,"column":6}},"13":{"start":{"line":19,"column":6},"end":{"line":19,"column":26}},"14":{"start":{"line":22,"column":2},"end":{"line":22,"column":34}},"15":{"start":{"line":25,"column":17},"end":{"line":51,"column":1}},"16":{"start":{"line":26,"column":16},"end":{"line":26,"column":26}},"17":{"start":{"line":27,"column":23},"end":{"line":27,"column":62}},"18":{"start":{"line":29,"column":2},"end":{"line":50,"column":4}},"19":{"start":{"line":45,"column":42},"end":{"line":45,"column":68}},"20":{"start":{"line":53,"column":0},"end":{"line":53,"column":24}}},"fnMap":{"0":{"name":"(anonymous_1)","decl":{"start":{"line":9,"column":29},"end":{"line":9,"column":32}},"loc":{"start":{"line":9,"column":34},"end":{"line":23,"column":1}}},"1":{"name":"(anonymous_2)","decl":{"start":{"line":11,"column":12},"end":{"line":11,"column":15}},"loc":{"start":{"line":11,"column":17},"end":{"line":21,"column":3}}},"2":{"name":"(anonymous_3)","decl":{"start":{"line":12,"column":29},"end":{"line":12,"column":32}},"loc":{"start":{"line":12,"column":34},"end":{"line":16,"column":5}}},"3":{"name":"(anonymous_4)","decl":{"start":{"line":18,"column":11},"end":{"line":18,"column":14}},"loc":{"start":{"line":18,"column":16},"end":{"line":20,"column":5}}},"4":{"name":"(anonymous_5)","decl":{"start":{"line":25,"column":17},"end":{"line":25,"column":20}},"loc":{"start":{"line":25,"column":22},"end":{"line":51,"column":1}}},"5":{"name":"(anonymous_6)","decl":{"start":{"line":45,"column":29},"end":{"line":45,"column":30}},"loc":{"start":{"line":45,"column":42},"end":{"line":45,"column":68}}}},"branchMap":{"0":{"loc":{"start":{"line":37,"column":9},"end":{"line":45,"column":null}},"type":"cond-expr","locations":[{"start":{"line":38,"column":10},"end":{"line":42,"column":null}},{"start":{"line":45,"column":10},"end":{"line":45,"column":89}}]}},"s":{"0":2,"1":2,"2":2,"3":2,"4":2,"5":2,"6":2,"7":2,"8":0,"9":0,"10":0,"11":0,"12":0,"13":0,"14":0,"15":2,"16":0,"17":0,"18":0,"19":0,"20":2},"f":{"0":0,"1":0,"2":0,"3":0,"4":0,"5":0},"b":{"0":[0,0]}}
,"/Users/shreyanshsoni/Documents/parcel-tracker-assessment/ui/src/components/ChatScreen/ChatScreenHeader.tsx": {"path":"/Users/shreyanshsoni/Documents/parcel-tracker-assessment/ui/src/components/ChatScreen/ChatScreenHeader.tsx","statementMap":{"0":{"start":{"line":1,"column":0},"end":{"line":1,"column":58}},"1":{"start":{"line":2,"column":0},"end":{"line":2,"column":63}},"2":{"start":{"line":3,"column":0},"end":{"line":3,"column":47}},"3":{"start":{"line":4,"column":0},"end":{"line":4,"column":35}},"4":{"start":{"line":5,"column":0},"end":{"line":5,"column":83}},"5":{"start":{"line":6,"column":0},"end":{"line":6,"column":51}},"6":{"start":{"line":8,"column":25},"end":{"line":78,"column":1}},"7":{"start":{"line":9,"column":16},"end":{"line":9,"column":26}},"8":{"start":{"line":10,"column":31},"end":{"line":10,"column":71}},"9":{"start":{"line":11,"column":19},"end":{"line":11,"column":35}},"10":{"start":{"line":13,"column":2},"end":{"line":77,"column":4}},"11":{"start":{"line":70,"column":14},"end":{"line":70,"column":40}},"12":{"start":{"line":80,"column":0},"end":{"line":80,"column":32}}},"fnMap":{"0":{"name":"(anonymous_0)","decl":{"start":{"line":8,"column":25},"end":{"line":8,"column":28}},"loc":{"start":{"line":8,"column":30},"end":{"line":78,"column":1}}},"1":{"name":"(anonymous_1)","decl":{"start":{"line":69,"column":21},"end":{"line":69,"column":24}},"loc":{"start":{"line":69,"column":26},"end":{"line":71,"column":13}}}},"branchMap":{"0":{"loc":{"start":{"line":32,"column":16},"end":{"line":32,"column":98}},"type":"binary-expr","locations":[{"start":{"line":32,"column":16},"end":{"line":32,"column":40}},{"start":{"line":32,"column":44},"end":{"line":32,"column":98}}]}},"s":{"0":2,"1":2,"2":2,"3":2,"4":2,"5":2,"6":2,"7":0,"8":0,"9":0,"10":0,"11":0,"12":2},"f":{"0":0,"1":0},"b":{"0":[0,0]}}
,"/Users/shreyanshsoni/Documents/parcel-tracker-assessment/ui/src/components/ChatScreen/SendMessage.tsx": {"path":"/Users/shreyanshsoni/Documents/parcel-tracker-assessment/ui/src/components/ChatScreen/SendMessage.tsx","statementMap":{"0":{"start":{"line":1,"column":0},"end":{"line":1,"column":59}},"1":{"start":{"line":2,"column":0},"end":{"line":2,"column":53}},"2":{"start":{"line":3,"column":0},"end":{"line":3,"column":49}},"3":{"start":{"line":4,"column":0},"end":{"line":4,"column":29}},"4":{"start":{"line":5,"column":0},"end":{"line":5,"column":80}},"5":{"start":{"line":6,"column":0},"end":{"line":6,"column":70}},"6":{"start":{"line":7,"column":0},"end":{"line":7,"column":67}},"7":{"start":{"line":8,"column":0},"end":{"line":8,"column":42}},"8":{"start":{"line":10,"column":20},"end":{"line":75,"column":1}},"9":{"start":{"line":11,"column":16},"end":{"line":11,"column":26}},"10":{"start":{"line":12,"column":19},"end":{"line":12,"column":35}},"11":{"start":{"line":13,"column":19},"end":{"line":13,"column":52}},"12":{"start":{"line":15,"column":32},"end":{"line":15,"column":44}},"13":{"start":{"line":17,"column":28},"end":{"line":38,"column":3}},"14":{"start":{"line":18,"column":4},"end":{"line":18,"column":23}},"15":{"start":{"line":20,"column":4},"end":{"line":25,"column":6}},"16":{"start":{"line":37,"column":4},"end":{"line":37,"column":19}},"17":{"start":{"line":40,"column":2},"end":{"line":74,"column":4}},"18":{"start":{"line":54,"column":27},"end":{"line":54,"column":53}},"19":{"start":{"line":77,"column":0},"end":{"line":77,"column":27}}},"fnMap":{"0":{"name":"(anonymous_1)","decl":{"start":{"line":10,"column":20},"end":{"line":10,"column":23}},"loc":{"start":{"line":10,"column":25},"end":{"line":75,"column":1}}},"1":{"name":"(anonymous_2)","decl":{"start":{"line":17,"column":28},"end":{"line":17,"column":29}},"loc":{"start":{"line":17,"column":50},"end":{"line":38,"column":3}}},"2":{"name":"(anonymous_3)","decl":{"start":{"line":54,"column":20},"end":{"line":54,"column":21}},"loc":{"start":{"line":54,"column":27},"end":{"line":54,"column":53}}}},"branchMap":{"0":{"loc":{"start":{"line":22,"column":14},"end":{"line":22,"column":30}},"type":"binary-expr","locations":[{"start":{"line":22,"column":14},"end":{"line":22,"column":24}},{"start":{"line":22,"column":28},"end":{"line":22,"column":30}}]}},"s":{"0":2,"1":2,"2":2,"3":2,"4":2,"5":2,"6":2,"7":2,"8":2,"9":0,"10":0,"11":0,"12":0,"13":0,"14":0,"15":0,"16":0,"17":0,"18":0,"19":2},"f":{"0":0,"1":0,"2":0},"b":{"0":[0,0]}}
,"/Users/shreyanshsoni/Documents/parcel-tracker-assessment/ui/src/components/ChatsSidebar/ChatUser.tsx": {"path":"/Users/shreyanshsoni/Documents/parcel-tracker-assessment/ui/src/components/ChatsSidebar/ChatUser.tsx","statementMap":{"0":{"start":{"line":1,"column":0},"end":{"line":1,"column":62}},"1":{"start":{"line":3,"column":0},"end":{"line":3,"column":35}},"2":{"start":{"line":11,"column":43},"end":{"line":86,"column":1}},"3":{"start":{"line":12,"column":16},"end":{"line":12,"column":26}},"4":{"start":{"line":14,"column":2},"end":{"line":85,"column":4}},"5":{"start":{"line":70,"column":12},"end":{"line":71,"column":null}},"6":{"start":{"line":88,"column":0},"end":{"line":88,"column":24}}},"fnMap":{"0":{"name":"(anonymous_0)","decl":{"start":{"line":11,"column":43},"end":{"line":11,"column":44}},"loc":{"start":{"line":11,"column":70},"end":{"line":86,"column":1}}},"1":{"name":"(anonymous_1)","decl":{"start":{"line":69,"column":31},"end":{"line":69,"column":32}},"loc":{"start":{"line":70,"column":12},"end":{"line":71,"column":null}}}},"branchMap":{"0":{"loc":{"start":{"line":27,"column":23},"end":{"line":27,"column":79}},"type":"cond-expr","locations":[{"start":{"line":27,"column":34},"end":{"line":27,"column":63}},{"start":{"line":27,"column":66},"end":{"line":27,"column":79}}]},"1":{"loc":{"start":{"line":39,"column":12},"end":{"line":41,"column":70}},"type":"cond-expr","locations":[{"start":{"line":40,"column":16},"end":{"line":40,"column":31}},{"start":{"line":41,"column":16},"end":{"line":41,"column":70}}]}},"s":{"0":2,"1":2,"2":2,"3":0,"4":0,"5":0,"6":2},"f":{"0":0,"1":0},"b":{"0":[0,0],"1":[0,0]}}
,"/Users/shreyanshsoni/Documents/parcel-tracker-assessment/ui/src/components/ChatsSidebar/ChatsSidebar.tsx": {"path":"/Users/shreyanshsoni/Documents/parcel-tracker-assessment/ui/src/components/ChatsSidebar/ChatsSidebar.tsx","statementMap":{"0":{"start":{"line":1,"column":0},"end":{"line":1,"column":41}},"1":{"start":{"line":3,"column":0},"end":{"line":3,"column":35}},"2":{"start":{"line":4,"column":0},"end":{"line":4,"column":null}},"3":{"start":{"line":8,"column":0},"end":{"line":8,"column":67}},"4":{"start":{"line":9,"column":0},"end":{"line":9,"column":42}},"5":{"start":{"line":10,"column":0},"end":{"line":10,"column":34}},"6":{"start":{"line":11,"column":0},"end":{"line":11,"column":46}},"7":{"start":{"line":13,"column":31},"end":{"line":74,"column":1}},"8":{"start":{"line":14,"column":16},"end":{"line":14,"column":26}},"9":{"start":{"line":15,"column":27},"end":{"line":15,"column":67}},"10":{"start":{"line":16,"column":19},"end":{"line":16,"column":35}},"11":{"start":{"line":18,"column":38},"end":{"line":18,"column":54}},"12":{"start":{"line":20,"column":2},"end":{"line":73,"column":4}},"13":{"start":{"line":54,"column":16},"end":{"line":55,"column":null}},"14":{"start":{"line":63,"column":20},"end":{"line":63,"column":84}},"15":{"start":{"line":76,"column":0},"end":{"line":76,"column":28}}},"fnMap":{"0":{"name":"(anonymous_1)","decl":{"start":{"line":13,"column":31},"end":{"line":13,"column":34}},"loc":{"start":{"line":13,"column":36},"end":{"line":74,"column":1}}},"1":{"name":"(anonymous_2)","decl":{"start":{"line":53,"column":25},"end":{"line":53,"column":26}},"loc":{"start":{"line":54,"column":16},"end":{"line":55,"column":null}}},"2":{"name":"(anonymous_3)","decl":{"start":{"line":62,"column":27},"end":{"line":62,"column":30}},"loc":{"start":{"line":62,"column":32},"end":{"line":64,"column":19}}}},"branchMap":{},"s":{"0":2,"1":2,"2":2,"3":2,"4":2,"5":2,"6":2,"7":2,"8":4,"9":4,"10":4,"11":4,"12":4,"13":0,"14":0,"15":2},"f":{"0":4,"1":0,"2":0},"b":{}}
,"/Users/shreyanshsoni/Documents/parcel-tracker-assessment/ui/src/components/ChatsSidebar/MessagesHeader.tsx": {"path":"/Users/shreyanshsoni/Documents/parcel-tracker-assessment/ui/src/components/ChatsSidebar/MessagesHeader.tsx","statementMap":{"0":{"start":{"line":1,"column":0},"end":{"line":1,"column":67}},"1":{"start":{"line":2,"column":0},"end":{"line":2,"column":75}},"2":{"start":{"line":3,"column":0},"end":{"line":3,"column":47}},"3":{"start":{"line":4,"column":0},"end":{"line":4,"column":35}},"4":{"start":{"line":6,"column":23},"end":{"line":50,"column":1}},"5":{"start":{"line":7,"column":16},"end":{"line":7,"column":26}},"6":{"start":{"line":8,"column":16},"end":{"line":8,"column":32}},"7":{"start":{"line":12,"column":2},"end":{"line":49,"column":4}},"8":{"start":{"line":52,"column":0},"end":{"line":52,"column":30}}},"fnMap":{"0":{"name":"(anonymous_0)","decl":{"start":{"line":6,"column":23},"end":{"line":6,"column":26}},"loc":{"start":{"line":6,"column":28},"end":{"line":50,"column":1}}}},"branchMap":{},"s":{"0":2,"1":2,"2":2,"3":2,"4":2,"5":4,"6":4,"7":4,"8":2},"f":{"0":4},"b":{}}
,"/Users/shreyanshsoni/Documents/parcel-tracker-assessment/ui/src/components/NavSidebar/NavSidebar.tsx": {"path":"/Users/shreyanshsoni/Documents/parcel-tracker-assessment/ui/src/components/NavSidebar/NavSidebar.tsx","statementMap":{"0":{"start":{"line":1,"column":0},"end":{"line":1,"column":null}},"1":{"start":{"line":8,"column":0},"end":{"line":8,"column":56}},"2":{"start":{"line":9,"column":0},"end":{"line":9,"column":40}},"3":{"start":{"line":10,"column":0},"end":{"line":10,"column":35}},"4":{"start":{"line":12,"column":18},"end":{"line":33,"column":2}},"5":{"start":{"line":35,"column":29},"end":{"line":96,"column":1}},"6":{"start":{"line":36,"column":16},"end":{"line":36,"column":26}},"7":{"start":{"line":38,"column":34},"end":{"line":38,"column":70}},"8":{"start":{"line":40,"column":2},"end":{"line":95,"column":4}},"9":{"start":{"line":72,"column":12},"end":{"line":73,"column":null}},"10":{"start":{"line":80,"column":29},"end":{"line":80,"column":55}},"11":{"start":{"line":98,"column":0},"end":{"line":98,"column":26}}},"fnMap":{"0":{"name":"(anonymous_0)","decl":{"start":{"line":35,"column":29},"end":{"line":35,"column":32}},"loc":{"start":{"line":35,"column":34},"end":{"line":96,"column":1}}},"1":{"name":"(anonymous_1)","decl":{"start":{"line":71,"column":25},"end":{"line":71,"column":26}},"loc":{"start":{"line":72,"column":12},"end":{"line":73,"column":null}}},"2":{"name":"(anonymous_2)","decl":{"start":{"line":80,"column":23},"end":{"line":80,"column":26}},"loc":{"start":{"line":80,"column":29},"end":{"line":80,"column":55}}}},"branchMap":{"0":{"loc":{"start":{"line":85,"column":18},"end":{"line":87,"column":47}},"type":"cond-expr","locations":[{"start":{"line":86,"column":22},"end":{"line":86,"column":54}},{"start":{"line":87,"column":22},"end":{"line":87,"column":47}}]}},"s":{"0":2,"1":2,"2":2,"3":2,"4":2,"5":2,"6":4,"7":4,"8":4,"9":20,"10":0,"11":2},"f":{"0":4,"1":20,"2":0},"b":{"0":[4,16]}}
,"/Users/shreyanshsoni/Documents/parcel-tracker-assessment/ui/src/components/Sidebar/Sidebar.tsx": {"path":"/Users/shreyanshsoni/Documents/parcel-tracker-assessment/ui/src/components/Sidebar/Sidebar.tsx","statementMap":{"0":{"start":{"line":1,"column":0},"end":{"line":1,"column":41}},"1":{"start":{"line":2,"column":0},"end":{"line":2,"column":44}},"2":{"start":{"line":3,"column":0},"end":{"line":3,"column":30}},"3":{"start":{"line":4,"column":0},"end":{"line":4,"column":48}},"4":{"start":{"line":5,"column":0},"end":{"line":5,"column":56}},"5":{"start":{"line":6,"column":0},"end":{"line":6,"column":50}},"6":{"start":{"line":10,"column":40},"end":{"line":48,"column":1}},"7":{"start":{"line":11,"column":16},"end":{"line":11,"column":26}},"8":{"start":{"line":13,"column":40},"end":{"line":13,"column":55}},"9":{"start":{"line":15,"column":2},"end":{"line":34,"column":9}},"10":{"start":{"line":16,"column":25},"end":{"line":25,"column":5}},"11":{"start":{"line":17,"column":25},"end":{"line":17,"column":52}},"12":{"start":{"line":18,"column":28},"end":{"line":18,"column":82}},"13":{"start":{"line":20,"column":6},"end":{"line":24,"column":7}},"14":{"start":{"line":21,"column":8},"end":{"line":21,"column":29}},"15":{"start":{"line":23,"column":8},"end":{"line":23,"column":30}},"16":{"start":{"line":27,"column":34},"end":{"line":27,"column":61}},"17":{"start":{"line":29,"column":4},"end":{"line":29,"column":61}},"18":{"start":{"line":31,"column":4},"end":{"line":33,"column":6}},"19":{"start":{"line":32,"column":6},"end":{"line":32,"column":66}},"20":{"start":{"line":36,"column":2},"end":{"line":47,"column":4}},"21":{"start":{"line":50,"column":0},"end":{"line":50,"column":23}}},"fnMap":{"0":{"name":"(anonymous_1)","decl":{"start":{"line":10,"column":40},"end":{"line":10,"column":43}},"loc":{"start":{"line":10,"column":45},"end":{"line":48,"column":1}}},"1":{"name":"(anonymous_2)","decl":{"start":{"line":15,"column":12},"end":{"line":15,"column":15}},"loc":{"start":{"line":15,"column":17},"end":{"line":34,"column":3}}},"2":{"name":"(anonymous_3)","decl":{"start":{"line":16,"column":25},"end":{"line":16,"column":28}},"loc":{"start":{"line":16,"column":30},"end":{"line":25,"column":5}}},"3":{"name":"(anonymous_4)","decl":{"start":{"line":31,"column":11},"end":{"line":31,"column":14}},"loc":{"start":{"line":31,"column":16},"end":{"line":33,"column":5}}}},"branchMap":{"0":{"loc":{"start":{"line":20,"column":6},"end":{"line":24,"column":7}},"type":"if","locations":[{"start":{"line":20,"column":6},"end":{"line":24,"column":7}},{"start":{"line":22,"column":13},"end":{"line":24,"column":7}}]},"1":{"loc":{"start":{"line":38,"column":12},"end":{"line":38,"column":35}},"type":"cond-expr","locations":[{"start":{"line":38,"column":26},"end":{"line":38,"column":28}},{"start":{"line":38,"column":31},"end":{"line":38,"column":35}}]},"2":{"loc":{"start":{"line":39,"column":16},"end":{"line":39,"column":42}},"type":"cond-expr","locations":[{"start":{"line":39,"column":30},"end":{"line":39,"column":32}},{"start":{"line":39,"column":35},"end":{"line":39,"column":42}}]},"3":{"loc":{"start":{"line":40,"column":16},"end":{"line":40,"column":42}},"type":"cond-expr","locations":[{"start":{"line":40,"column":30},"end":{"line":40,"column":32}},{"start":{"line":40,"column":35},"end":{"line":40,"column":42}}]},"4":{"loc":{"start":{"line":45,"column":7},"end":{"line":45,"column":46}},"type":"cond-expr","locations":[{"start":{"line":45,"column":21},"end":{"line":45,"column":27}},{"start":{"line":45,"column":30},"end":{"line":45,"column":46}}]}},"s":{"0":2,"1":2,"2":2,"3":2,"4":2,"5":2,"6":2,"7":4,"8":4,"9":4,"10":4,"11":0,"12":0,"13":0,"14":0,"15":0,"16":4,"17":4,"18":4,"19":4,"20":4,"21":2},"f":{"0":4,"1":4,"2":0,"3":4},"b":{"0":[0,0],"1":[0,4],"2":[0,4],"3":[0,4],"4":[0,4]}}
,"/Users/shreyanshsoni/Documents/parcel-tracker-assessment/ui/src/components/common/Input/Input.tsx": {"path":"/Users/shreyanshsoni/Documents/parcel-tracker-assessment/ui/src/components/common/Input/Input.tsx","statementMap":{"0":{"start":{"line":1,"column":0},"end":{"line":1,"column":58}},"1":{"start":{"line":4,"column":40},"end":{"line":6,"column":1}},"2":{"start":{"line":5,"column":2},"end":{"line":5,"column":34}},"3":{"start":{"line":8,"column":0},"end":{"line":8,"column":21}}},"fnMap":{"0":{"name":"(anonymous_0)","decl":{"start":{"line":4,"column":40},"end":{"line":4,"column":41}},"loc":{"start":{"line":4,"column":66},"end":{"line":6,"column":1}}}},"branchMap":{},"s":{"0":2,"1":2,"2":4,"3":2},"f":{"0":4},"b":{}}
,"/Users/shreyanshsoni/Documents/parcel-tracker-assessment/ui/src/components/common/Message/Message.tsx": {"path":"/Users/shreyanshsoni/Documents/parcel-tracker-assessment/ui/src/components/common/Message/Message.tsx","statementMap":{"0":{"start":{"line":1,"column":0},"end":{"line":1,"column":47}},"1":{"start":{"line":2,"column":0},"end":{"line":2,"column":57}},"2":{"start":{"line":3,"column":0},"end":{"line":3,"column":35}},"3":{"start":{"line":5,"column":0},"end":{"line":5,"column":73}},"4":{"start":{"line":6,"column":0},"end":{"line":6,"column":54}},"5":{"start":{"line":12,"column":16},"end":{"line":18,"column":1}},"6":{"start":{"line":13,"column":2},"end":{"line":17,"column":5}},"7":{"start":{"line":21,"column":2},"end":{"line":84,"column":4}},"8":{"start":{"line":22,"column":18},"end":{"line":22,"column":28}},"9":{"start":{"line":23,"column":21},"end":{"line":23,"column":54}},"10":{"start":{"line":25,"column":4},"end":{"line":83,"column":6}},"11":{"start":{"line":86,"column":0},"end":{"line":86,"column":23}}},"fnMap":{"0":{"name":"(anonymous_0)","decl":{"start":{"line":12,"column":16},"end":{"line":12,"column":17}},"loc":{"start":{"line":12,"column":41},"end":{"line":18,"column":1}}},"1":{"name":"(anonymous_1)","decl":{"start":{"line":21,"column":44},"end":{"line":21,"column":45}},"loc":{"start":{"line":21,"column":80},"end":{"line":84,"column":3}}}},"branchMap":{"0":{"loc":{"start":{"line":36,"column":22},"end":{"line":36,"column":63}},"type":"cond-expr","locations":[{"start":{"line":36,"column":52},"end":{"line":36,"column":58}},{"start":{"line":36,"column":61},"end":{"line":36,"column":63}}]},"1":{"loc":{"start":{"line":38,"column":12},"end":{"line":40,"column":44}},"type":"cond-expr","locations":[{"start":{"line":39,"column":16},"end":{"line":39,"column":49}},{"start":{"line":40,"column":16},"end":{"line":40,"column":44}}]},"2":{"loc":{"start":{"line":58,"column":18},"end":{"line":60,"column":48}},"type":"cond-expr","locations":[{"start":{"line":59,"column":22},"end":{"line":59,"column":48}},{"start":{"line":60,"column":22},"end":{"line":60,"column":48}}]}},"s":{"0":2,"1":2,"2":2,"3":2,"4":2,"5":2,"6":0,"7":2,"8":0,"9":0,"10":0,"11":2},"f":{"0":0,"1":0},"b":{"0":[0,0],"1":[0,0],"2":[0,0]}}
,"/Users/shreyanshsoni/Documents/parcel-tracker-assessment/ui/src/pages/ChatScreen/ChatScreen.tsx": {"path":"/Users/shreyanshsoni/Documents/parcel-tracker-assessment/ui/src/pages/ChatScreen/ChatScreen.tsx","statementMap":{"0":{"start":{"line":1,"column":0},"end":{"line":1,"column":41}},"1":{"start":{"line":2,"column":0},"end":{"line":2,"column":30}},"2":{"start":{"line":3,"column":0},"end":{"line":3,"column":60}},"3":{"start":{"line":4,"column":0},"end":{"line":4,"column":76}},"4":{"start":{"line":5,"column":0},"end":{"line":5,"column":66}},"5":{"start":{"line":6,"column":0},"end":{"line":6,"column":51}},"6":{"start":{"line":7,"column":0},"end":{"line":7,"column":71}},"7":{"start":{"line":11,"column":46},"end":{"line":58,"column":1}},"8":{"start":{"line":12,"column":19},"end":{"line":12,"column":35}},"9":{"start":{"line":14,"column":2},"end":{"line":49,"column":17}},"10":{"start":{"line":15,"column":4},"end":{"line":15,"column":57}},"11":{"start":{"line":17,"column":30},"end":{"line":42,"column":5}},"12":{"start":{"line":18,"column":26},"end":{"line":18,"column":81}},"13":{"start":{"line":20,"column":6},"end":{"line":22,"column":8}},"14":{"start":{"line":21,"column":8},"end":{"line":21,"column":45}},"15":{"start":{"line":24,"column":6},"end":{"line":30,"column":8}},"16":{"start":{"line":25,"column":27},"end":{"line":25,"column":49}},"17":{"start":{"line":27,"column":8},"end":{"line":29,"column":9}},"18":{"start":{"line":28,"column":10},"end":{"line":28,"column":66}},"19":{"start":{"line":32,"column":6},"end":{"line":39,"column":8}},"20":{"start":{"line":33,"column":8},"end":{"line":33,"column":50}},"21":{"start":{"line":34,"column":8},"end":{"line":34,"column":28}},"22":{"start":{"line":36,"column":8},"end":{"line":38,"column":17}},"23":{"start":{"line":37,"column":10},"end":{"line":37,"column":30}},"24":{"start":{"line":41,"column":6},"end":{"line":41,"column":25}},"25":{"start":{"line":44,"column":24},"end":{"line":44,"column":43}},"26":{"start":{"line":46,"column":4},"end":{"line":48,"column":6}},"27":{"start":{"line":47,"column":6},"end":{"line":47,"column":26}},"28":{"start":{"line":51,"column":2},"end":{"line":57,"column":4}},"29":{"start":{"line":60,"column":0},"end":{"line":60,"column":26}}},"fnMap":{"0":{"name":"(anonymous_1)","decl":{"start":{"line":11,"column":46},"end":{"line":11,"column":49}},"loc":{"start":{"line":11,"column":51},"end":{"line":58,"column":1}}},"1":{"name":"(anonymous_2)","decl":{"start":{"line":14,"column":12},"end":{"line":14,"column":15}},"loc":{"start":{"line":14,"column":17},"end":{"line":49,"column":3}}},"2":{"name":"(anonymous_3)","decl":{"start":{"line":17,"column":30},"end":{"line":17,"column":33}},"loc":{"start":{"line":17,"column":35},"end":{"line":42,"column":5}}},"3":{"name":"(anonymous_4)","decl":{"start":{"line":20,"column":27},"end":{"line":20,"column":30}},"loc":{"start":{"line":20,"column":32},"end":{"line":22,"column":7}}},"4":{"name":"(anonymous_5)","decl":{"start":{"line":24,"column":30},"end":{"line":24,"column":31}},"loc":{"start":{"line":24,"column":40},"end":{"line":30,"column":7}}},"5":{"name":"(anonymous_6)","decl":{"start":{"line":32,"column":28},"end":{"line":32,"column":29}},"loc":{"start":{"line":32,"column":36},"end":{"line":39,"column":7}}},"6":{"name":"(anonymous_7)","decl":{"start":{"line":36,"column":19},"end":{"line":36,"column":22}},"loc":{"start":{"line":36,"column":24},"end":{"line":38,"column":9}}},"7":{"name":"(anonymous_8)","decl":{"start":{"line":46,"column":11},"end":{"line":46,"column":14}},"loc":{"start":{"line":46,"column":16},"end":{"line":48,"column":5}}}},"branchMap":{"0":{"loc":{"start":{"line":27,"column":8},"end":{"line":29,"column":9}},"type":"if","locations":[{"start":{"line":27,"column":8},"end":{"line":29,"column":9}}]}},"s":{"0":2,"1":2,"2":2,"3":2,"4":2,"5":2,"6":2,"7":2,"8":0,"9":0,"10":0,"11":0,"12":0,"13":0,"14":0,"15":0,"16":0,"17":0,"18":0,"19":0,"20":0,"21":0,"22":0,"23":0,"24":0,"25":0,"26":0,"27":0,"28":0,"29":2},"f":{"0":0,"1":0,"2":0,"3":0,"4":0,"5":0,"6":0,"7":0},"b":{"0":[0]}}
,"/Users/shreyanshsoni/Documents/parcel-tracker-assessment/ui/src/pages/Home/Home.tsx": {"path":"/Users/shreyanshsoni/Documents/parcel-tracker-assessment/ui/src/pages/Home/Home.tsx","statementMap":{"0":{"start":{"line":1,"column":0},"end":{"line":1,"column":30}},"1":{"start":{"line":2,"column":0},"end":{"line":2,"column":55}},"2":{"start":{"line":4,"column":0},"end":{"line":4,"column":63}},"3":{"start":{"line":5,"column":0},"end":{"line":5,"column":52}},"4":{"start":{"line":6,"column":0},"end":{"line":6,"column":47}},"5":{"start":{"line":7,"column":0},"end":{"line":7,"column":88}},"6":{"start":{"line":8,"column":0},"end":{"line":8,"column":67}},"7":{"start":{"line":9,"column":0},"end":{"line":9,"column":46}},"8":{"start":{"line":10,"column":0},"end":{"line":10,"column":50}},"9":{"start":{"line":11,"column":0},"end":{"line":11,"column":93}},"10":{"start":{"line":14,"column":16},"end":{"line":14,"column":26}},"11":{"start":{"line":15,"column":19},"end":{"line":15,"column":52}},"12":{"start":{"line":16,"column":31},"end":{"line":16,"column":71}},"13":{"start":{"line":17,"column":19},"end":{"line":17,"column":35}},"14":{"start":{"line":18,"column":16},"end":{"line":18,"column":32}},"15":{"start":{"line":20,"column":14},"end":{"line":20,"column":26}},"16":{"start":{"line":21,"column":30},"end":{"line":21,"column":44}},"17":{"start":{"line":23,"column":2},"end":{"line":77,"column":23}},"18":{"start":{"line":24,"column":4},"end":{"line":76,"column":5}},"19":{"start":{"line":25,"column":6},"end":{"line":75,"column":8}},"20":{"start":{"line":79,"column":2},"end":{"line":143,"column":4}},"21":{"start":{"line":102,"column":14},"end":{"line":103,"column":null}},"22":{"start":{"line":114,"column":18},"end":{"line":121,"column":20}},"23":{"start":{"line":122,"column":18},"end":{"line":122,"column":35}},"24":{"start":{"line":146,"column":0},"end":{"line":146,"column":20}}},"fnMap":{"0":{"name":"Home","decl":{"start":{"line":13,"column":9},"end":{"line":13,"column":13}},"loc":{"start":{"line":13,"column":13},"end":{"line":144,"column":1}}},"1":{"name":"(anonymous_2)","decl":{"start":{"line":23,"column":12},"end":{"line":23,"column":15}},"loc":{"start":{"line":23,"column":17},"end":{"line":77,"column":3}}},"2":{"name":"(anonymous_3)","decl":{"start":{"line":89,"column":19},"end":{"line":89,"column":22}},"loc":{"start":{"line":89,"column":24},"end":{"line":89,"column":27}}},"3":{"name":"(anonymous_4)","decl":{"start":{"line":101,"column":23},"end":{"line":101,"column":24}},"loc":{"start":{"line":102,"column":14},"end":{"line":103,"column":null}}},"4":{"name":"(anonymous_5)","decl":{"start":{"line":113,"column":25},"end":{"line":113,"column":28}},"loc":{"start":{"line":113,"column":30},"end":{"line":123,"column":17}}}},"branchMap":{"0":{"loc":{"start":{"line":24,"column":4},"end":{"line":76,"column":5}},"type":"if","locations":[{"start":{"line":24,"column":4},"end":{"line":76,"column":5}}]},"1":{"loc":{"start":{"line":27,"column":10},"end":{"line":73,"column":16}},"type":"cond-expr","locations":[{"start":{"line":28,"column":14},"end":{"line":49,"column":null}},{"start":{"line":50,"column":14},"end":{"line":73,"column":16}}]},"2":{"loc":{"start":{"line":50,"column":14},"end":{"line":73,"column":16}},"type":"cond-expr","locations":[{"start":{"line":51,"column":14},"end":{"line":72,"column":null}},{"start":{"line":73,"column":14},"end":{"line":73,"column":16}}]},"3":{"loc":{"start":{"line":141,"column":7},"end":{"line":141,"column":72}},"type":"cond-expr","locations":[{"start":{"line":141,"column":26},"end":{"line":141,"column":40}},{"start":{"line":141,"column":43},"end":{"line":141,"column":72}}]}},"s":{"0":2,"1":2,"2":2,"3":2,"4":2,"5":2,"6":2,"7":2,"8":2,"9":2,"10":4,"11":4,"12":4,"13":4,"14":4,"15":4,"16":4,"17":4,"18":4,"19":0,"20":4,"21":8,"22":0,"23":0,"24":2},"f":{"0":4,"1":4,"2":0,"3":8,"4":0},"b":{"0":[0],"1":[0,0],"2":[0,0],"3":[0,4]}}
,"/Users/shreyanshsoni/Documents/parcel-tracker-assessment/ui/src/pages/Home/slice/chatScreenSaga.tsx": {"path":"/Users/shreyanshsoni/Documents/parcel-tracker-assessment/ui/src/pages/Home/slice/chatScreenSaga.tsx","statementMap":{"0":{"start":{"line":3,"column":0},"end":{"line":3,"column":64}},"1":{"start":{"line":4,"column":0},"end":{"line":4,"column":49}},"2":{"start":{"line":6,"column":0},"end":{"line":6,"column":69}},"3":{"start":{"line":10,"column":2},"end":{"line":16,"column":3}},"4":{"start":{"line":12,"column":53},"end":{"line":12,"column":89}},"5":{"start":{"line":13,"column":4},"end":{"line":13,"column":78}},"6":{"start":{"line":15,"column":4},"end":{"line":15,"column":78}},"7":{"start":{"line":21,"column":2},"end":{"line":30,"column":3}},"8":{"start":{"line":23,"column":46},"end":{"line":26,"column":6}},"9":{"start":{"line":27,"column":4},"end":{"line":27,"column":78}},"10":{"start":{"line":29,"column":4},"end":{"line":29,"column":78}},"11":{"start":{"line":35,"column":2},"end":{"line":35,"column":73}},"12":{"start":{"line":34,"column":0},"end":{"line":34,"column":15}},"13":{"start":{"line":39,"column":2},"end":{"line":39,"column":72}},"14":{"start":{"line":38,"column":0},"end":{"line":38,"column":15}}},"fnMap":{"0":{"name":"getMessagesSaga","decl":{"start":{"line":9,"column":10},"end":{"line":9,"column":25}},"loc":{"start":{"line":9,"column":25},"end":{"line":17,"column":1}}},"1":{"name":"postMessageSaga","decl":{"start":{"line":20,"column":10},"end":{"line":20,"column":25}},"loc":{"start":{"line":20,"column":61},"end":{"line":31,"column":1}}},"2":{"name":"watchGetMessages","decl":{"start":{"line":34,"column":17},"end":{"line":34,"column":33}},"loc":{"start":{"line":34,"column":33},"end":{"line":36,"column":1}}},"3":{"name":"watchPostMessage","decl":{"start":{"line":38,"column":17},"end":{"line":38,"column":33}},"loc":{"start":{"line":38,"column":33},"end":{"line":40,"column":1}}}},"branchMap":{},"s":{"0":2,"1":2,"2":2,"3":0,"4":0,"5":0,"6":0,"7":0,"8":0,"9":0,"10":0,"11":2,"12":2,"13":2,"14":2},"f":{"0":0,"1":0,"2":2,"3":2},"b":{}}
,"/Users/shreyanshsoni/Documents/parcel-tracker-assessment/ui/src/pages/Home/slice/chatScreenSlice.tsx": {"path":"/Users/shreyanshsoni/Documents/parcel-tracker-assessment/ui/src/pages/Home/slice/chatScreenSlice.tsx","statementMap":{"0":{"start":{"line":2,"column":0},"end":{"line":2,"column":47}},"1":{"start":{"line":27,"column":39},"end":{"line":37,"column":2}},"2":{"start":{"line":39,"column":24},"end":{"line":79,"column":2}},"3":{"start":{"line":45,"column":6},"end":{"line":45,"column":38}},"4":{"start":{"line":46,"column":6},"end":{"line":46,"column":32}},"5":{"start":{"line":49,"column":6},"end":{"line":49,"column":39}},"6":{"start":{"line":50,"column":6},"end":{"line":50,"column":43}},"7":{"start":{"line":53,"column":6},"end":{"line":53,"column":39}},"8":{"start":{"line":54,"column":6},"end":{"line":54,"column":44}},"9":{"start":{"line":59,"column":6},"end":{"line":59,"column":21}},"10":{"start":{"line":60,"column":6},"end":{"line":60,"column":41}},"11":{"start":{"line":61,"column":6},"end":{"line":61,"column":35}},"12":{"start":{"line":65,"column":6},"end":{"line":65,"column":21}},"13":{"start":{"line":66,"column":6},"end":{"line":66,"column":42}},"14":{"start":{"line":69,"column":6},"end":{"line":69,"column":42}},"15":{"start":{"line":70,"column":6},"end":{"line":70,"column":47}},"16":{"start":{"line":73,"column":6},"end":{"line":73,"column":48}},"17":{"start":{"line":76,"column":6},"end":{"line":76,"column":43}},"18":{"start":{"line":81,"column":13},"end":{"line":81,"column":62}},"19":{"start":{"line":83,"column":39},"end":{"line":83,"column":82}},"20":{"start":{"line":83,"column":61},"end":{"line":83,"column":82}},"21":{"start":{"line":83,"column":13},"end":{"line":83,"column":39}},"22":{"start":{"line":85,"column":13},"end":{"line":85,"column":57}},"23":{"start":{"line":87,"column":0},"end":{"line":87,"column":33}}},"fnMap":{"0":{"name":"(anonymous_0)","decl":{"start":{"line":44,"column":23},"end":{"line":44,"column":24}},"loc":{"start":{"line":44,"column":33},"end":{"line":47,"column":5}}},"1":{"name":"(anonymous_1)","decl":{"start":{"line":48,"column":30},"end":{"line":48,"column":31}},"loc":{"start":{"line":48,"column":80},"end":{"line":51,"column":5}}},"2":{"name":"(anonymous_2)","decl":{"start":{"line":52,"column":28},"end":{"line":52,"column":29}},"loc":{"start":{"line":52,"column":69},"end":{"line":55,"column":5}}},"3":{"name":"(anonymous_3)","decl":{"start":{"line":58,"column":23},"end":{"line":58,"column":24}},"loc":{"start":{"line":58,"column":70},"end":{"line":62,"column":5}}},"4":{"name":"(anonymous_4)","decl":{"start":{"line":64,"column":30},"end":{"line":64,"column":31}},"loc":{"start":{"line":64,"column":73},"end":{"line":67,"column":5}}},"5":{"name":"(anonymous_5)","decl":{"start":{"line":68,"column":28},"end":{"line":68,"column":29}},"loc":{"start":{"line":68,"column":69},"end":{"line":71,"column":5}}},"6":{"name":"(anonymous_6)","decl":{"start":{"line":72,"column":16},"end":{"line":72,"column":17}},"loc":{"start":{"line":72,"column":59},"end":{"line":74,"column":5}}},"7":{"name":"(anonymous_7)","decl":{"start":{"line":75,"column":17},"end":{"line":75,"column":18}},"loc":{"start":{"line":75,"column":67},"end":{"line":77,"column":5}}},"8":{"name":"(anonymous_8)","decl":{"start":{"line":83,"column":39},"end":{"line":83,"column":40}},"loc":{"start":{"line":83,"column":61},"end":{"line":83,"column":82}}}},"branchMap":{},"s":{"0":2,"1":2,"2":2,"3":0,"4":0,"5":0,"6":0,"7":0,"8":0,"9":0,"10":0,"11":0,"12":0,"13":0,"14":0,"15":0,"16":0,"17":0,"18":2,"19":2,"20":0,"21":2,"22":2,"23":2},"f":{"0":0,"1":0,"2":0,"3":0,"4":0,"5":0,"6":0,"7":0,"8":0},"b":{}}
,"/Users/shreyanshsoni/Documents/parcel-tracker-assessment/ui/src/pages/Home/slice/chatSidebarSlice.tsx": {"path":"/Users/shreyanshsoni/Documents/parcel-tracker-assessment/ui/src/pages/Home/slice/chatSidebarSlice.tsx","statementMap":{"0":{"start":{"line":2,"column":0},"end":{"line":2,"column":47}},"1":{"start":{"line":26,"column":40},"end":{"line":29,"column":2}},"2":{"start":{"line":31,"column":13},"end":{"line":44,"column":3}},"3":{"start":{"line":37,"column":6},"end":{"line":37,"column":35}},"4":{"start":{"line":38,"column":6},"end":{"line":38,"column":49}},"5":{"start":{"line":41,"column":6},"end":{"line":41,"column":46}},"6":{"start":{"line":46,"column":13},"end":{"line":46,"column":64}},"7":{"start":{"line":48,"column":40},"end":{"line":48,"column":84}},"8":{"start":{"line":48,"column":62},"end":{"line":48,"column":84}},"9":{"start":{"line":48,"column":13},"end":{"line":48,"column":40}},"10":{"start":{"line":50,"column":13},"end":{"line":50,"column":59}},"11":{"start":{"line":52,"column":0},"end":{"line":52,"column":34}}},"fnMap":{"0":{"name":"(anonymous_0)","decl":{"start":{"line":36,"column":14},"end":{"line":36,"column":15}},"loc":{"start":{"line":36,"column":65},"end":{"line":39,"column":5}}},"1":{"name":"(anonymous_1)","decl":{"start":{"line":40,"column":25},"end":{"line":40,"column":26}},"loc":{"start":{"line":40,"column":69},"end":{"line":42,"column":5}}},"2":{"name":"(anonymous_2)","decl":{"start":{"line":48,"column":40},"end":{"line":48,"column":41}},"loc":{"start":{"line":48,"column":62},"end":{"line":48,"column":84}}}},"branchMap":{},"s":{"0":2,"1":2,"2":2,"3":0,"4":0,"5":0,"6":2,"7":2,"8":16,"9":2,"10":2,"11":2},"f":{"0":0,"1":0,"2":16},"b":{}}
,"/Users/shreyanshsoni/Documents/parcel-tracker-assessment/ui/src/store/hooks.tsx": {"path":"/Users/shreyanshsoni/Documents/parcel-tracker-assessment/ui/src/store/hooks.tsx","statementMap":{"0":{"start":{"line":1,"column":0},"end":{"line":1,"column":54}},"1":{"start":{"line":5,"column":13},"end":{"line":5,"column":null}},"2":{"start":{"line":6,"column":13},"end":{"line":6,"column":null}}},"fnMap":{},"branchMap":{},"s":{"0":2,"1":2,"2":2},"f":{},"b":{}}
,"/Users/shreyanshsoni/Documents/parcel-tracker-assessment/ui/src/store/rootSagas.tsx": {"path":"/Users/shreyanshsoni/Documents/parcel-tracker-assessment/ui/src/store/rootSagas.tsx","statementMap":{"0":{"start":{"line":1,"column":0},"end":{"line":1,"column":47}},"1":{"start":{"line":2,"column":0},"end":{"line":2,"column":88}},"2":{"start":{"line":4,"column":17},"end":{"line":6,"column":1}},"3":{"start":{"line":5,"column":2},"end":{"line":5,"column":62}},"4":{"start":{"line":8,"column":0},"end":{"line":8,"column":24}}},"fnMap":{"0":{"name":"(anonymous_0)","decl":{"start":{"line":4,"column":17},"end":{"line":4,"column":25}},"loc":{"start":{"line":4,"column":26},"end":{"line":6,"column":1}}}},"branchMap":{},"s":{"0":2,"1":2,"2":2,"3":2,"4":2},"f":{"0":2},"b":{}}
,"/Users/shreyanshsoni/Documents/parcel-tracker-assessment/ui/src/store/store.tsx": {"path":"/Users/shreyanshsoni/Documents/parcel-tracker-assessment/ui/src/store/store.tsx","statementMap":{"0":{"start":{"line":1,"column":0},"end":{"line":1,"column":67}},"1":{"start":{"line":2,"column":0},"end":{"line":2,"column":46}},"2":{"start":{"line":3,"column":0},"end":{"line":3,"column":68}},"3":{"start":{"line":4,"column":0},"end":{"line":4,"column":70}},"4":{"start":{"line":5,"column":0},"end":{"line":5,"column":54}},"5":{"start":{"line":6,"column":0},"end":{"line":6,"column":35}},"6":{"start":{"line":8,"column":23},"end":{"line":8,"column":45}},"7":{"start":{"line":10,"column":13},"end":{"line":17,"column":3}},"8":{"start":{"line":16,"column":40},"end":{"line":16,"column":85}},"9":{"start":{"line":19,"column":0},"end":{"line":19,"column":29}},"10":{"start":{"line":25,"column":20},"end":{"line":29,"column":2}},"11":{"start":{"line":31,"column":26},"end":{"line":36,"column":1}},"12":{"start":{"line":32,"column":2},"end":{"line":35,"column":5}},"13":{"start":{"line":31,"column":13},"end":{"line":31,"column":26}}},"fnMap":{"0":{"name":"(anonymous_1)","decl":{"start":{"line":16,"column":14},"end":{"line":16,"column":15}},"loc":{"start":{"line":16,"column":40},"end":{"line":16,"column":85}}},"1":{"name":"(anonymous_2)","decl":{"start":{"line":31,"column":26},"end":{"line":31,"column":27}},"loc":{"start":{"line":31,"column":66},"end":{"line":36,"column":1}}}},"branchMap":{},"s":{"0":2,"1":2,"2":2,"3":2,"4":2,"5":2,"6":2,"7":2,"8":2,"9":2,"10":2,"11":2,"12":4,"13":2},"f":{"0":2,"1":4},"b":{}}
,"/Users/shreyanshsoni/Documents/parcel-tracker-assessment/ui/src/store/globalSlice/authSlice.tsx": {"path":"/Users/shreyanshsoni/Documents/parcel-tracker-assessment/ui/src/store/globalSlice/authSlice.tsx","statementMap":{"0":{"start":{"line":1,"column":0},"end":{"line":1,"column":62}},"1":{"start":{"line":21,"column":33},"end":{"line":27,"column":2}},"2":{"start":{"line":29,"column":18},"end":{"line":37,"column":2}},"3":{"start":{"line":34,"column":6},"end":{"line":34,"column":34}},"4":{"start":{"line":39,"column":13},"end":{"line":39,"column":50}},"5":{"start":{"line":42,"column":33},"end":{"line":42,"column":77}},"6":{"start":{"line":42,"column":55},"end":{"line":42,"column":77}},"7":{"start":{"line":42,"column":13},"end":{"line":42,"column":33}},"8":{"start":{"line":44,"column":13},"end":{"line":44,"column":45}},"9":{"start":{"line":46,"column":0},"end":{"line":46,"column":27}}},"fnMap":{"0":{"name":"(anonymous_0)","decl":{"start":{"line":33,"column":13},"end":{"line":33,"column":14}},"loc":{"start":{"line":33,"column":53},"end":{"line":35,"column":5}}},"1":{"name":"(anonymous_1)","decl":{"start":{"line":42,"column":33},"end":{"line":42,"column":34}},"loc":{"start":{"line":42,"column":55},"end":{"line":42,"column":77}}}},"branchMap":{},"s":{"0":2,"1":2,"2":2,"3":0,"4":2,"5":2,"6":8,"7":2,"8":2,"9":2},"f":{"0":0,"1":8},"b":{}}
,"/Users/shreyanshsoni/Documents/parcel-tracker-assessment/ui/src/store/globalSlice/globalSlice.tsx": {"path":"/Users/shreyanshsoni/Documents/parcel-tracker-assessment/ui/src/store/globalSlice/globalSlice.tsx","statementMap":{"0":{"start":{"line":1,"column":0},"end":{"line":1,"column":51}},"1":{"start":{"line":2,"column":0},"end":{"line":2,"column":38}},"2":{"start":{"line":3,"column":0},"end":{"line":3,"column":40}},"3":{"start":{"line":5,"column":22},"end":{"line":8,"column":2}},"4":{"start":{"line":10,"column":0},"end":{"line":10,"column":29}}},"fnMap":{},"branchMap":{},"s":{"0":2,"1":2,"2":2,"3":2,"4":2},"f":{},"b":{}}
,"/Users/shreyanshsoni/Documents/parcel-tracker-assessment/ui/src/store/globalSlice/themeSlice.tsx": {"path":"/Users/shreyanshsoni/Documents/parcel-tracker-assessment/ui/src/store/globalSlice/themeSlice.tsx","statementMap":{"0":{"start":{"line":2,"column":0},"end":{"line":2,"column":47}},"1":{"start":{"line":8,"column":28},"end":{"line":40,"column":2}},"2":{"start":{"line":42,"column":13},"end":{"line":61,"column":3}},"3":{"start":{"line":49,"column":6},"end":{"line":52,"column":8}},"4":{"start":{"line":55,"column":6},"end":{"line":58,"column":8}},"5":{"start":{"line":63,"column":13},"end":{"line":63,"column":52}},"6":{"start":{"line":66,"column":34},"end":{"line":66,"column":79}},"7":{"start":{"line":66,"column":56},"end":{"line":66,"column":79}},"8":{"start":{"line":66,"column":13},"end":{"line":66,"column":34}},"9":{"start":{"line":68,"column":13},"end":{"line":68,"column":47}},"10":{"start":{"line":70,"column":0},"end":{"line":70,"column":28}}},"fnMap":{"0":{"name":"(anonymous_0)","decl":{"start":{"line":48,"column":21},"end":{"line":48,"column":22}},"loc":{"start":{"line":48,"column":62},"end":{"line":53,"column":5}}},"1":{"name":"(anonymous_1)","decl":{"start":{"line":54,"column":23},"end":{"line":54,"column":24}},"loc":{"start":{"line":54,"column":64},"end":{"line":59,"column":5}}},"2":{"name":"(anonymous_2)","decl":{"start":{"line":66,"column":34},"end":{"line":66,"column":35}},"loc":{"start":{"line":66,"column":56},"end":{"line":66,"column":79}}}},"branchMap":{},"s":{"0":2,"1":2,"2":2,"3":0,"4":0,"5":2,"6":2,"7":2,"8":2,"9":2,"10":2},"f":{"0":0,"1":0,"2":2},"b":{}}
,"/Users/shreyanshsoni/Documents/parcel-tracker-assessment/ui/src/test/testUtils.tsx": {"path":"/Users/shreyanshsoni/Documents/parcel-tracker-assessment/ui/src/test/testUtils.tsx","statementMap":{"0":{"start":{"line":1,"column":0},"end":{"line":1,"column":53}},"1":{"start":{"line":3,"column":0},"end":{"line":3,"column":48}},"2":{"start":{"line":4,"column":0},"end":{"line":4,"column":34}},"3":{"start":{"line":6,"column":0},"end":{"line":6,"column":39}},"4":{"start":{"line":7,"column":0},"end":{"line":7,"column":65}},"5":{"start":{"line":16,"column":13},"end":{"line":59,"column":2}},"6":{"start":{"line":71,"column":24},"end":{"line":73,"column":13}},"7":{"start":{"line":74,"column":4},"end":{"line":80,"column":6}},"8":{"start":{"line":82,"column":2},"end":{"line":82,"column":74}},"9":{"start":{"line":61,"column":0},"end":{"line":61,"column":16}}},"fnMap":{"0":{"name":"renderWithProviders","decl":{"start":{"line":61,"column":16},"end":{"line":61,"column":35}},"loc":{"start":{"line":68,"column":31},"end":{"line":83,"column":1}}},"1":{"name":"Wrapper","decl":{"start":{"line":70,"column":11},"end":{"line":70,"column":18}},"loc":{"start":{"line":70,"column":50},"end":{"line":81,"column":3}}}},"branchMap":{"0":{"loc":{"start":{"line":63,"column":2},"end":{"line":68,"column":31}},"type":"default-arg","locations":[{"start":{"line":68,"column":29},"end":{"line":68,"column":31}}]},"1":{"loc":{"start":{"line":64,"column":4},"end":{"line":64,"column":23}},"type":"default-arg","locations":[{"start":{"line":64,"column":21},"end":{"line":64,"column":23}}]},"2":{"loc":{"start":{"line":66,"column":4},"end":{"line":66,"column":38}},"type":"default-arg","locations":[{"start":{"line":66,"column":12},"end":{"line":66,"column":38}}]},"3":{"loc":{"start":{"line":71,"column":24},"end":{"line":73,"column":13}},"type":"cond-expr","locations":[{"start":{"line":72,"column":8},"end":{"line":72,"column":58}},{"start":{"line":73,"column":8},"end":{"line":73,"column":13}}]}},"s":{"0":2,"1":2,"2":2,"3":2,"4":2,"5":2,"6":4,"7":4,"8":4,"9":2},"f":{"0":4,"1":4},"b":{"0":[1],"1":[1],"2":[4],"3":[3,1]}}
,"/Users/shreyanshsoni/Documents/parcel-tracker-assessment/ui/src/utils/constants.tsx": {"path":"/Users/shreyanshsoni/Documents/parcel-tracker-assessment/ui/src/utils/constants.tsx","statementMap":{"0":{"start":{"line":1,"column":13},"end":{"line":14,"column":2}}},"fnMap":{},"branchMap":{},"s":{"0":2},"f":{},"b":{}}
,"/Users/shreyanshsoni/Documents/parcel-tracker-assessment/ui/src/utils/helperFn.tsx": {"path":"/Users/shreyanshsoni/Documents/parcel-tracker-assessment/ui/src/utils/helperFn.tsx","statementMap":{"0":{"start":{"line":12,"column":2},"end":{"line":34,"column":4}},"1":{"start":{"line":14,"column":20},"end":{"line":14,"column":24}},"2":{"start":{"line":16,"column":4},"end":{"line":33,"column":5}},"3":{"start":{"line":17,"column":6},"end":{"line":17,"column":32}},"4":{"start":{"line":18,"column":6},"end":{"line":18,"column":27}},"5":{"start":{"line":19,"column":6},"end":{"line":19,"column":24}},"6":{"start":{"line":21,"column":6},"end":{"line":23,"column":16}},"7":{"start":{"line":22,"column":8},"end":{"line":22,"column":27}},"8":{"start":{"line":25,"column":6},"end":{"line":25,"column":29}},"9":{"start":{"line":27,"column":6},"end":{"line":32,"column":41}},"10":{"start":{"line":28,"column":8},"end":{"line":31,"column":9}},"11":{"start":{"line":29,"column":10},"end":{"line":29,"column":36}},"12":{"start":{"line":30,"column":10},"end":{"line":30,"column":31}},"13":{"start":{"line":4,"column":0},"end":{"line":4,"column":16}}},"fnMap":{"0":{"name":"throttle","decl":{"start":{"line":4,"column":16},"end":{"line":4,"column":24}},"loc":{"start":{"line":6,"column":15},"end":{"line":35,"column":1}}},"1":{"name":"(anonymous_1)","decl":{"start":{"line":12,"column":9},"end":{"line":12,"column":30}},"loc":{"start":{"line":12,"column":52},"end":{"line":34,"column":3}}},"2":{"name":"(anonymous_2)","decl":{"start":{"line":21,"column":28},"end":{"line":21,"column":31}},"loc":{"start":{"line":21,"column":33},"end":{"line":23,"column":7}}},"3":{"name":"(anonymous_3)","decl":{"start":{"line":27,"column":28},"end":{"line":27,"column":31}},"loc":{"start":{"line":27,"column":33},"end":{"line":32,"column":7}}}},"branchMap":{"0":{"loc":{"start":{"line":16,"column":4},"end":{"line":33,"column":5}},"type":"if","locations":[{"start":{"line":16,"column":4},"end":{"line":33,"column":5}},{"start":{"line":24,"column":11},"end":{"line":33,"column":5}}]},"1":{"loc":{"start":{"line":28,"column":8},"end":{"line":31,"column":9}},"type":"if","locations":[{"start":{"line":28,"column":8},"end":{"line":31,"column":9}}]}},"s":{"0":4,"1":0,"2":0,"3":0,"4":0,"5":0,"6":0,"7":0,"8":0,"9":0,"10":0,"11":0,"12":0,"13":2},"f":{"0":4,"1":0,"2":0,"3":0},"b":{"0":[0,0],"1":[0]}}
}
