TN:
SF:src/App.tsx
FN:8,App
FNF:1
FNH:1
FNDA:1,App
DA:1,1
DA:2,1
DA:3,1
DA:4,1
DA:5,1
DA:6,1
DA:9,1
DA:11,1
DA:22,1
LF:9
LH:9
BRF:0
BRH:0
end_of_record
TN:
SF:src/axios/axios.ts
FN:31,(anonymous_1)
FN:35,(anonymous_2)
FNF:2
FNH:0
FNDA:0,(anonymous_1)
FNDA:0,(anonymous_2)
DA:2,2
DA:5,2
DA:30,2
DA:33,0
DA:37,0
DA:40,0
DA:44,2
LF:7
LH:4
BRDA:37,0,0,0
BRDA:37,1,0,0
BRDA:37,1,1,0
BRF:3
BRH:0
end_of_record
TN:
SF:src/components/ChatScreen/ChatArea.tsx
FN:9,(anonymous_1)
FN:11,(anonymous_2)
FN:12,(anonymous_3)
FN:18,(anonymous_4)
FN:25,(anonymous_5)
FN:45,(anonymous_6)
FNF:6
FNH:0
FNDA:0,(anonymous_1)
FNDA:0,(anonymous_2)
FNDA:0,(anonymous_3)
FNDA:0,(anonymous_4)
FNDA:0,(anonymous_5)
FNDA:0,(anonymous_6)
DA:1,2
DA:2,2
DA:3,2
DA:4,2
DA:5,2
DA:6,2
DA:7,2
DA:9,2
DA:10,0
DA:11,0
DA:12,0
DA:13,0
DA:18,0
DA:19,0
DA:22,0
DA:25,2
DA:26,0
DA:27,0
DA:29,0
DA:45,0
DA:53,2
LF:21
LH:10
BRDA:37,0,0,0
BRDA:37,0,1,0
BRF:2
BRH:0
end_of_record
TN:
SF:src/components/ChatScreen/ChatScreenHeader.tsx
FN:8,(anonymous_0)
FN:69,(anonymous_1)
FNF:2
FNH:0
FNDA:0,(anonymous_0)
FNDA:0,(anonymous_1)
DA:1,2
DA:2,2
DA:3,2
DA:4,2
DA:5,2
DA:6,2
DA:8,2
DA:9,0
DA:10,0
DA:11,0
DA:13,0
DA:70,0
DA:80,2
LF:13
LH:8
BRDA:32,0,0,0
BRDA:32,0,1,0
BRF:2
BRH:0
end_of_record
TN:
SF:src/components/ChatScreen/SendMessage.tsx
FN:10,(anonymous_1)
FN:17,(anonymous_2)
FN:54,(anonymous_3)
FNF:3
FNH:0
FNDA:0,(anonymous_1)
FNDA:0,(anonymous_2)
FNDA:0,(anonymous_3)
DA:1,2
DA:2,2
DA:3,2
DA:4,2
DA:5,2
DA:6,2
DA:7,2
DA:8,2
DA:10,2
DA:11,0
DA:12,0
DA:13,0
DA:15,0
DA:17,0
DA:18,0
DA:20,0
DA:37,0
DA:40,0
DA:54,0
DA:77,2
LF:20
LH:10
BRDA:22,0,0,0
BRDA:22,0,1,0
BRF:2
BRH:0
end_of_record
TN:
SF:src/components/ChatsSidebar/ChatUser.tsx
FN:11,(anonymous_0)
FN:69,(anonymous_1)
FNF:2
FNH:0
FNDA:0,(anonymous_0)
FNDA:0,(anonymous_1)
DA:1,2
DA:3,2
DA:11,2
DA:12,0
DA:14,0
DA:70,0
DA:88,2
LF:7
LH:4
BRDA:27,0,0,0
BRDA:27,0,1,0
BRDA:39,1,0,0
BRDA:39,1,1,0
BRF:4
BRH:0
end_of_record
TN:
SF:src/components/ChatsSidebar/ChatsSidebar.tsx
FN:13,(anonymous_1)
FN:53,(anonymous_2)
FN:62,(anonymous_3)
FNF:3
FNH:1
FNDA:4,(anonymous_1)
FNDA:0,(anonymous_2)
FNDA:0,(anonymous_3)
DA:1,2
DA:3,2
DA:4,2
DA:8,2
DA:9,2
DA:10,2
DA:11,2
DA:13,2
DA:14,4
DA:15,4
DA:16,4
DA:18,4
DA:20,4
DA:54,0
DA:63,0
DA:76,2
LF:16
LH:14
BRF:0
BRH:0
end_of_record
TN:
SF:src/components/ChatsSidebar/MessagesHeader.tsx
FN:6,(anonymous_0)
FNF:1
FNH:1
FNDA:4,(anonymous_0)
DA:1,2
DA:2,2
DA:3,2
DA:4,2
DA:6,2
DA:7,4
DA:8,4
DA:12,4
DA:52,2
LF:9
LH:9
BRF:0
BRH:0
end_of_record
TN:
SF:src/components/NavSidebar/NavSidebar.tsx
FN:35,(anonymous_0)
FN:71,(anonymous_1)
FN:80,(anonymous_2)
FNF:3
FNH:2
FNDA:4,(anonymous_0)
FNDA:20,(anonymous_1)
FNDA:0,(anonymous_2)
DA:1,2
DA:8,2
DA:9,2
DA:10,2
DA:12,2
DA:35,2
DA:36,4
DA:38,4
DA:40,4
DA:72,20
DA:80,0
DA:98,2
LF:12
LH:11
BRDA:85,0,0,4
BRDA:85,0,1,16
BRF:2
BRH:2
end_of_record
TN:
SF:src/components/Sidebar/Sidebar.tsx
FN:10,(anonymous_1)
FN:15,(anonymous_2)
FN:16,(anonymous_3)
FN:31,(anonymous_4)
FNF:4
FNH:3
FNDA:4,(anonymous_1)
FNDA:4,(anonymous_2)
FNDA:0,(anonymous_3)
FNDA:4,(anonymous_4)
DA:1,2
DA:2,2
DA:3,2
DA:4,2
DA:5,2
DA:6,2
DA:10,2
DA:11,4
DA:13,4
DA:15,4
DA:16,4
DA:17,0
DA:18,0
DA:20,0
DA:21,0
DA:23,0
DA:27,4
DA:29,4
DA:31,4
DA:32,4
DA:36,4
DA:50,2
LF:22
LH:17
BRDA:20,0,0,0
BRDA:20,0,1,0
BRDA:38,1,0,0
BRDA:38,1,1,4
BRDA:39,2,0,0
BRDA:39,2,1,4
BRDA:40,3,0,0
BRDA:40,3,1,4
BRDA:45,4,0,0
BRDA:45,4,1,4
BRF:10
BRH:4
end_of_record
TN:
SF:src/components/common/Input/Input.tsx
FN:4,(anonymous_0)
FNF:1
FNH:1
FNDA:4,(anonymous_0)
DA:1,2
DA:4,2
DA:5,4
DA:8,2
LF:4
LH:4
BRF:0
BRH:0
end_of_record
TN:
SF:src/components/common/Message/Message.tsx
FN:12,(anonymous_0)
FN:21,(anonymous_1)
FNF:2
FNH:0
FNDA:0,(anonymous_0)
FNDA:0,(anonymous_1)
DA:1,2
DA:2,2
DA:3,2
DA:5,2
DA:6,2
DA:12,2
DA:13,0
DA:21,2
DA:22,0
DA:23,0
DA:25,0
DA:86,2
LF:12
LH:8
BRDA:36,0,0,0
BRDA:36,0,1,0
BRDA:38,1,0,0
BRDA:38,1,1,0
BRDA:58,2,0,0
BRDA:58,2,1,0
BRF:6
BRH:0
end_of_record
TN:
SF:src/pages/ChatScreen/ChatScreen.tsx
FN:11,(anonymous_1)
FN:14,(anonymous_2)
FN:17,(anonymous_3)
FN:20,(anonymous_4)
FN:24,(anonymous_5)
FN:32,(anonymous_6)
FN:36,(anonymous_7)
FN:46,(anonymous_8)
FNF:8
FNH:0
FNDA:0,(anonymous_1)
FNDA:0,(anonymous_2)
FNDA:0,(anonymous_3)
FNDA:0,(anonymous_4)
FNDA:0,(anonymous_5)
FNDA:0,(anonymous_6)
FNDA:0,(anonymous_7)
FNDA:0,(anonymous_8)
DA:1,2
DA:2,2
DA:3,2
DA:4,2
DA:5,2
DA:6,2
DA:7,2
DA:11,2
DA:12,0
DA:14,0
DA:15,0
DA:17,0
DA:18,0
DA:20,0
DA:21,0
DA:24,0
DA:25,0
DA:27,0
DA:28,0
DA:32,0
DA:33,0
DA:34,0
DA:36,0
DA:37,0
DA:41,0
DA:44,0
DA:46,0
DA:47,0
DA:51,0
DA:60,2
LF:30
LH:9
BRDA:27,0,0,0
BRF:1
BRH:0
end_of_record
TN:
SF:src/pages/Home/Home.tsx
FN:13,Home
FN:23,(anonymous_2)
FN:89,(anonymous_3)
FN:101,(anonymous_4)
FN:113,(anonymous_5)
FNF:5
FNH:3
FNDA:4,Home
FNDA:4,(anonymous_2)
FNDA:0,(anonymous_3)
FNDA:8,(anonymous_4)
FNDA:0,(anonymous_5)
DA:1,2
DA:2,2
DA:4,2
DA:5,2
DA:6,2
DA:7,2
DA:8,2
DA:9,2
DA:10,2
DA:11,2
DA:14,4
DA:15,4
DA:16,4
DA:17,4
DA:18,4
DA:20,4
DA:21,4
DA:23,4
DA:24,4
DA:25,0
DA:79,4
DA:102,8
DA:114,0
DA:122,0
DA:146,2
LF:25
LH:22
BRDA:24,0,0,0
BRDA:27,1,0,0
BRDA:27,1,1,0
BRDA:50,2,0,0
BRDA:50,2,1,0
BRDA:141,3,0,0
BRDA:141,3,1,4
BRF:7
BRH:1
end_of_record
TN:
SF:src/pages/Home/slice/chatScreenSaga.tsx
FN:9,getMessagesSaga
FN:20,postMessageSaga
FN:34,watchGetMessages
FN:38,watchPostMessage
FNF:4
FNH:2
FNDA:0,getMessagesSaga
FNDA:0,postMessageSaga
FNDA:2,watchGetMessages
FNDA:2,watchPostMessage
DA:3,2
DA:4,2
DA:6,2
DA:10,0
DA:12,0
DA:13,0
DA:15,0
DA:21,0
DA:23,0
DA:27,0
DA:29,0
DA:34,2
DA:35,2
DA:38,2
DA:39,2
LF:15
LH:7
BRF:0
BRH:0
end_of_record
TN:
SF:src/pages/Home/slice/chatScreenSlice.tsx
FN:44,(anonymous_0)
FN:48,(anonymous_1)
FN:52,(anonymous_2)
FN:58,(anonymous_3)
FN:64,(anonymous_4)
FN:68,(anonymous_5)
FN:72,(anonymous_6)
FN:75,(anonymous_7)
FN:83,(anonymous_8)
FNF:9
FNH:0
FNDA:0,(anonymous_0)
FNDA:0,(anonymous_1)
FNDA:0,(anonymous_2)
FNDA:0,(anonymous_3)
FNDA:0,(anonymous_4)
FNDA:0,(anonymous_5)
FNDA:0,(anonymous_6)
FNDA:0,(anonymous_7)
FNDA:0,(anonymous_8)
DA:2,2
DA:27,2
DA:39,2
DA:45,0
DA:46,0
DA:49,0
DA:50,0
DA:53,0
DA:54,0
DA:59,0
DA:60,0
DA:61,0
DA:65,0
DA:66,0
DA:69,0
DA:70,0
DA:73,0
DA:76,0
DA:81,2
DA:83,2
DA:85,2
DA:87,2
LF:22
LH:7
BRF:0
BRH:0
end_of_record
TN:
SF:src/pages/Home/slice/chatSidebarSlice.tsx
FN:36,(anonymous_0)
FN:40,(anonymous_1)
FN:48,(anonymous_2)
FNF:3
FNH:1
FNDA:0,(anonymous_0)
FNDA:0,(anonymous_1)
FNDA:16,(anonymous_2)
DA:2,2
DA:26,2
DA:31,2
DA:37,0
DA:38,0
DA:41,0
DA:46,2
DA:48,16
DA:50,2
DA:52,2
LF:10
LH:7
BRF:0
BRH:0
end_of_record
TN:
SF:src/store/hooks.tsx
FNF:0
FNH:0
DA:1,2
DA:5,2
DA:6,2
LF:3
LH:3
BRF:0
BRH:0
end_of_record
TN:
SF:src/store/rootSagas.tsx
FN:4,(anonymous_0)
FNF:1
FNH:1
FNDA:2,(anonymous_0)
DA:1,2
DA:2,2
DA:4,2
DA:5,2
DA:8,2
LF:5
LH:5
BRF:0
BRH:0
end_of_record
TN:
SF:src/store/store.tsx
FN:16,(anonymous_1)
FN:31,(anonymous_2)
FNF:2
FNH:2
FNDA:2,(anonymous_1)
FNDA:4,(anonymous_2)
DA:1,2
DA:2,2
DA:3,2
DA:4,2
DA:5,2
DA:6,2
DA:8,2
DA:10,2
DA:16,2
DA:19,2
DA:25,2
DA:31,2
DA:32,4
LF:13
LH:13
BRF:0
BRH:0
end_of_record
TN:
SF:src/store/globalSlice/authSlice.tsx
FN:33,(anonymous_0)
FN:42,(anonymous_1)
FNF:2
FNH:1
FNDA:0,(anonymous_0)
FNDA:8,(anonymous_1)
DA:1,2
DA:21,2
DA:29,2
DA:34,0
DA:39,2
DA:42,8
DA:44,2
DA:46,2
LF:8
LH:7
BRF:0
BRH:0
end_of_record
TN:
SF:src/store/globalSlice/globalSlice.tsx
FNF:0
FNH:0
DA:1,2
DA:2,2
DA:3,2
DA:5,2
DA:10,2
LF:5
LH:5
BRF:0
BRH:0
end_of_record
TN:
SF:src/store/globalSlice/themeSlice.tsx
FN:48,(anonymous_0)
FN:54,(anonymous_1)
FN:66,(anonymous_2)
FNF:3
FNH:1
FNDA:0,(anonymous_0)
FNDA:0,(anonymous_1)
FNDA:2,(anonymous_2)
DA:2,2
DA:8,2
DA:42,2
DA:49,0
DA:55,0
DA:63,2
DA:66,2
DA:68,2
DA:70,2
LF:9
LH:7
BRF:0
BRH:0
end_of_record
TN:
SF:src/test/testUtils.tsx
FN:61,renderWithProviders
FN:70,Wrapper
FNF:2
FNH:2
FNDA:4,renderWithProviders
FNDA:4,Wrapper
DA:1,2
DA:3,2
DA:4,2
DA:6,2
DA:7,2
DA:16,2
DA:61,2
DA:71,4
DA:74,4
DA:82,4
LF:10
LH:10
BRDA:63,0,0,1
BRDA:64,1,0,1
BRDA:66,2,0,4
BRDA:71,3,0,3
BRDA:71,3,1,1
BRF:5
BRH:5
end_of_record
TN:
SF:src/utils/constants.tsx
FNF:0
FNH:0
DA:1,2
LF:1
LH:1
BRF:0
BRH:0
end_of_record
TN:
SF:src/utils/helperFn.tsx
FN:4,throttle
FN:12,(anonymous_1)
FN:21,(anonymous_2)
FN:27,(anonymous_3)
FNF:4
FNH:1
FNDA:4,throttle
FNDA:0,(anonymous_1)
FNDA:0,(anonymous_2)
FNDA:0,(anonymous_3)
DA:4,2
DA:12,4
DA:14,0
DA:16,0
DA:17,0
DA:18,0
DA:19,0
DA:21,0
DA:22,0
DA:25,0
DA:27,0
DA:28,0
DA:29,0
DA:30,0
LF:14
LH:2
BRDA:16,0,0,0
BRDA:16,0,1,0
BRDA:28,1,0,0
BRF:3
BRH:0
end_of_record
